[2025-03-24 18:31:29] Se ha cerrado el extremo de escritura de la tuberia del proceso padre de monitor
[2025-03-24 18:31:29] Se ha creado correctamente el hilo que revisa ls anomalias
[2025-03-24 18:31:29] Se ha abierto el fichero de transacciones
[2025-03-24 18:31:29] Se ha producido un error al abrirr el archivo de transacciones
[2025-03-24 18:31:29] Se ha cerrado el extremo de escritura de la tuberia del proceso hijo de monitor
[2025-03-24 18:31:29] Se ha cerrado el extremo de lectura de la tuberia del proceso padre de monitor
[2025-03-24 18:31:29] Se ha accedido al menú de entrada
[2025-03-24 18:31:31] El usuario ha entrado en la sección de registro
[2025-03-24 18:31:54] Se ha registrado un nuevo usuario en el sistema
[2025-03-24 18:31:54] El usuario ha elegido la opción de registro
[2025-03-24 18:31:58] Se ha accedido al menú de entrada
[2025-03-24 18:32:06] Se ha accedido al sistema correctamente
[2025-03-24 18:32:10] El usuario ha ingresado dinero
[2025-03-24 18:34:53] Se ha cerrado el extremo de escritura de la tuberia del proceso padre de monitor
[2025-03-24 18:34:53] Se ha creado correctamente el hilo que revisa ls anomalias
[2025-03-24 18:34:53] Se ha abierto el fichero de transacciones
[2025-03-24 18:34:53] Se ha producido un error al abrirr el archivo de transacciones
[2025-03-24 18:34:53] Se ha cerrado el extremo de escritura de la tuberia del proceso hijo de monitor
[2025-03-24 18:34:53] Se ha cerrado el extremo de lectura de la tuberia del proceso padre de monitor
[2025-03-24 18:34:53] Se ha accedido al menú de entrada
[2025-03-24 18:34:56] El usuario ha entrado en la sección de registro
[2025-03-24 18:35:08] Se ha registrado un nuevo usuario en el sistema
[2025-03-24 18:35:08] El usuario ha elegido la opción de registro
[2025-03-24 18:35:12] Se ha accedido al menú de entrada
[2025-03-24 18:35:13] El usuario ha entrado en la sección de registro
[2025-03-24 18:35:26] Se ha registrado un nuevo usuario en el sistema
[2025-03-24 18:35:26] El usuario ha elegido la opción de registro
[2025-03-24 18:35:30] Se ha accedido al menú de entrada
[2025-03-24 18:35:37] Se ha accedido al sistema correctamente
[2025-03-24 18:35:57] El usuario ha introducido la cantidad ha ingresar 
[2025-03-24 18:35:59] El usuario ha ingresado dinero
[2025-03-24 18:36:03] Se ha accedido al menú de entrada
[2025-03-24 18:36:16] El usuario ha entrado en la sección de registro
[2025-03-24 18:36:24] Se ha registrado un nuevo usuario en el sistema
[2025-03-24 18:36:24] El usuario ha elegido la opción de registro
[2025-03-24 18:36:28] Se ha accedido al menú de entrada
[2025-03-24 18:36:34] Se ha accedido al sistema correctamente
[2025-03-24 18:38:37] Se ha accedido al menú de entrada
[2025-03-24 18:39:04] Se ha cerrado el extremo de escritura de la tuberia del proceso padre de monitor
[2025-03-24 18:39:04] Se ha creado correctamente el hilo que revisa ls anomalias
[2025-03-24 18:39:04] Se ha abierto el fichero de transacciones
[2025-03-24 18:39:04] Se ha abierto el archivo de usuarios
[2025-03-24 18:39:04] Se ha cerrado el extremo de escritura de la tuberia del proceso hijo de monitor
[2025-03-24 18:39:04] Se ha cerrado el extremo de lectura de la tuberia del proceso padre de monitor
[2025-03-24 18:39:04] Se ha accedido al menú de entrada
[2025-03-24 18:39:12] Se ha accedido al sistema correctamente
[2025-03-24 18:40:08] El usuario ha introducido la cantidad ha ingresar 
[2025-03-24 18:40:10] El usuario ha ingresado dinero
[2025-03-24 18:45:18] Se ha cerrado el extremo de escritura de la tuberia del proceso padre de monitor
[2025-03-24 18:45:18] Se ha creado correctamente el hilo que revisa ls anomalias
[2025-03-24 18:45:18] Se ha abierto el fichero de transacciones
[2025-03-24 18:45:18] Se ha producido un error al abrirr el archivo de transacciones
[2025-03-24 18:45:18] Se ha cerrado el extremo de escritura de la tuberia del proceso hijo de monitor
[2025-03-24 18:45:18] Se ha cerrado el extremo de lectura de la tuberia del proceso padre de monitor
[2025-03-24 18:45:18] Se ha accedido al menú de entrada
[2025-03-24 18:45:20] El usuario ha entrado en la sección de registro
[2025-03-24 18:45:30] Se ha registrado un nuevo usuario en el sistema
[2025-03-24 18:45:30] El usuario ha elegido la opción de registro
[2025-03-24 18:45:34] Se ha accedido al menú de entrada
[2025-03-24 18:45:41] Se ha accedido al sistema correctamente
[2025-03-24 18:45:59] El usuario ha introducido la cantidad ha ingresar 
[2025-03-24 18:46:01] El usuario ha ingresado dinero
[2025-03-24 18:46:58] Se ha accedido al menú de entrada
[2025-03-24 18:47:05] Se ha accedido al sistema correctamente
[2025-03-24 18:48:39] Se ha cerrado el extremo de escritura de la tuberia del proceso padre de monitor
[2025-03-24 18:48:39] Se ha creado correctamente el hilo que revisa ls anomalias
[2025-03-24 18:48:39] Se ha abierto el fichero de transacciones
[2025-03-24 18:48:39] Se ha abierto el archivo de usuarios
[2025-03-24 18:48:39] Se ha cerrado el extremo de escritura de la tuberia del proceso hijo de monitor
[2025-03-24 18:48:39] Se ha cerrado el extremo de lectura de la tuberia del proceso padre de monitor
[2025-03-24 18:48:40] Se ha accedido al menú de entrada
[2025-03-24 18:48:45] Intento de inicio de sesión con contraseña incorrecta
[2025-03-24 18:48:51] Se ha accedido al sistema correctamente
[2025-03-24 18:49:55] Se ha cerrado el extremo de escritura de la tuberia del proceso padre de monitor
[2025-03-24 18:49:55] Se ha creado correctamente el hilo que revisa ls anomalias
[2025-03-24 18:49:55] Se ha abierto el fichero de transacciones
[2025-03-24 18:49:55] Se ha abierto el archivo de usuarios
[2025-03-24 18:49:55] Se ha cerrado el extremo de escritura de la tuberia del proceso hijo de monitor
[2025-03-24 18:49:55] Se ha cerrado el extremo de lectura de la tuberia del proceso padre de monitor
[2025-03-24 18:49:55] Se ha accedido al menú de entrada
[2025-03-24 18:50:02] Se ha accedido al sistema correctamente
[2025-03-24 18:50:25] Se ha cerrado el extremo de escritura de la tuberia del proceso padre de monitor
[2025-03-24 18:50:25] Se ha creado correctamente el hilo que revisa ls anomalias
[2025-03-24 18:50:25] Se ha abierto el fichero de transacciones
[2025-03-24 18:50:25] Se ha abierto el archivo de usuarios
[2025-03-24 18:50:25] Se ha cerrado el extremo de escritura de la tuberia del proceso hijo de monitor
[2025-03-24 18:50:25] Se ha cerrado el extremo de lectura de la tuberia del proceso padre de monitor
[2025-03-24 18:50:25] Se ha accedido al menú de entrada
[2025-03-24 18:50:31] Intento fallido de inicio de sesión
[2025-03-24 18:50:36] Se ha accedido al sistema correctamente
[2025-03-24 18:53:09] Se ha cerrado el extremo de escritura de la tuberia del proceso padre de monitor
[2025-03-24 18:53:09] Se ha abierto el fichero de transacciones
[2025-03-24 18:53:09] Se ha abierto el archivo de usuarios
[2025-03-24 18:53:09] Se ha creado correctamente el hilo que revisa ls anomalias
[2025-03-24 18:53:09] Se ha cerrado el extremo de escritura de la tuberia del proceso hijo de monitor
[2025-03-24 18:53:09] Se ha cerrado el extremo de lectura de la tuberia del proceso padre de monitor
[2025-03-24 18:53:10] Se ha accedido al menú de entrada
[2025-03-24 18:53:14] Intento de inicio de sesión con contraseña incorrecta
[2025-03-24 18:53:19] Se ha accedido al sistema correctamente
[2025-03-24 18:53:22] El usuario ha introducido la cantidad ha ingresar 
[2025-03-24 18:53:24] El usuario ha ingresado dinero
[2025-03-24 18:58:29] Se ha cerrado el extremo de escritura de la tuberia del proceso padre de monitor
[2025-03-24 18:58:29] Se ha creado correctamente el hilo que revisa ls anomalias
[2025-03-24 18:58:29] Se ha abierto el fichero de transacciones
[2025-03-24 18:58:29] Se ha abierto el archivo de usuarios
[2025-03-24 18:58:29] Se ha cerrado el extremo de escritura de la tuberia del proceso hijo de monitor
[2025-03-24 18:58:29] Se ha cerrado el extremo de lectura de la tuberia del proceso padre de monitor
[2025-03-24 18:58:30] Se ha accedido al menú de entrada
[2025-03-24 18:58:32] El usuario ha entrado en la sección de registro
[2025-03-24 18:58:41] Se ha registrado un nuevo usuario en el sistema
[2025-03-24 18:58:41] El usuario ha elegido la opción de registro
[2025-03-24 18:58:45] Se ha accedido al menú de entrada
[2025-03-24 18:58:51] Se ha accedido al sistema correctamente
[2025-03-24 19:00:36] Se ha cerrado el extremo de escritura de la tuberia del proceso padre de monitor
[2025-03-24 19:00:36] Se ha creado correctamente el hilo que revisa ls anomalias
[2025-03-24 19:00:36] Se ha abierto el fichero de transacciones
[2025-03-24 19:00:36] Se ha abierto el archivo de usuarios
[2025-03-24 19:00:36] Se ha cerrado el extremo de escritura de la tuberia del proceso hijo de monitor
[2025-03-24 19:00:36] Se ha cerrado el extremo de lectura de la tuberia del proceso padre de monitor
[2025-03-24 19:00:37] Se ha accedido al menú de entrada
[2025-03-24 19:00:42] Se ha accedido al sistema correctamente
[2025-03-24 19:02:20] Se ha cerrado el extremo de escritura de la tuberia del proceso padre de monitor
[2025-03-24 19:02:20] Se ha creado correctamente el hilo que revisa ls anomalias
[2025-03-24 19:02:20] Se ha abierto el fichero de transacciones
[2025-03-24 19:02:20] Se ha producido un error en la apertura del archivo de usuarios
[2025-03-24 19:02:20] Se ha cerrado el extremo de escritura de la tuberia del proceso hijo de monitor
[2025-03-24 19:02:20] Se ha cerrado el extremo de lectura de la tuberia del proceso padre de monitor
[2025-03-24 19:02:20] Se ha accedido al menú de entrada
[2025-03-24 19:02:22] El usuario ha entrado en la sección de registro
[2025-03-24 19:02:29] Se ha registrado un nuevo usuario en el sistema
[2025-03-24 19:02:29] El usuario ha elegido la opción de registro
[2025-03-24 19:02:33] Se ha accedido al menú de entrada
[2025-03-24 19:02:34] El usuario ha entrado en la sección de registro
[2025-03-24 19:02:43] Se ha registrado un nuevo usuario en el sistema
[2025-03-24 19:02:43] El usuario ha elegido la opción de registro
[2025-03-24 19:02:47] Se ha accedido al menú de entrada
[2025-03-24 19:02:52] Se ha accedido al sistema correctamente
[2025-03-24 19:06:56] Se ha cerrado el extremo de escritura de la tuberia del proceso padre de monitor
[2025-03-24 19:06:56] Se ha creado correctamente el hilo que revisa ls anomalias
[2025-03-24 19:06:56] Se ha abierto el fichero de transacciones
[2025-03-24 19:06:56] Se ha abierto el archivo de usuarios
[2025-03-24 19:06:56] Se ha cerrado el extremo de escritura de la tuberia del proceso hijo de monitor
[2025-03-24 19:06:56] Se ha cerrado el extremo de lectura de la tuberia del proceso padre de monitor
[2025-03-24 19:06:56] Se ha accedido al menú de entrada
[2025-03-24 19:07:01] Se ha accedido al sistema correctamente
[2025-03-24 19:09:05] Se ha accedido al menú de entrada
[2025-03-24 19:09:10] Se ha accedido al sistema correctamente
[2025-03-24 19:09:34] Se ha accedido al menú de entrada
[2025-03-24 19:09:39] Se ha accedido al sistema correctamente
[2025-03-24 19:11:40] Se ha cerrado el extremo de escritura de la tuberia del proceso padre de monitor
[2025-03-24 19:11:40] Se ha creado correctamente el hilo que revisa ls anomalias
[2025-03-24 19:11:40] Se ha abierto el fichero de transacciones
[2025-03-24 19:11:40] Se ha abierto el archivo de usuarios
[2025-03-24 19:11:40] Se ha cerrado el extremo de escritura de la tuberia del proceso hijo de monitor
[2025-03-24 19:11:40] Se ha cerrado el extremo de lectura de la tuberia del proceso padre de monitor
[2025-03-24 19:11:40] Se ha accedido al menú de entrada
[2025-03-24 19:11:42] El usuario ha entrado en la sección de registro
[2025-03-24 19:11:51] Se ha registrado un nuevo usuario en el sistema
[2025-03-24 19:11:51] El usuario ha elegido la opción de registro
[2025-03-24 19:11:55] Se ha accedido al menú de entrada
[2025-03-24 19:12:01] Se ha accedido al sistema correctamente
[2025-03-24 19:14:57] Se ha cerrado el extremo de escritura de la tuberia del proceso padre de monitor
[2025-03-24 19:14:57] Se ha creado correctamente el hilo que revisa ls anomalias
[2025-03-24 19:14:57] Se ha abierto el fichero de transacciones
[2025-03-24 19:14:57] Se ha producido un error al abrirr el archivo de transacciones
[2025-03-24 19:14:57] Se ha cerrado el extremo de escritura de la tuberia del proceso hijo de monitor
[2025-03-24 19:14:57] Se ha cerrado el extremo de lectura de la tuberia del proceso padre de monitor
[2025-03-24 19:14:57] Se ha accedido al menú de entrada
[2025-03-24 19:14:59] El usuario ha entrado en la sección de registro
[2025-03-24 19:15:08] Se ha registrado un nuevo usuario en el sistema
[2025-03-24 19:15:08] El usuario ha elegido la opción de registro
[2025-03-24 19:15:12] Se ha accedido al menú de entrada
[2025-03-24 19:15:14] El usuario ha entrado en la sección de registro
[2025-03-24 19:15:25] Se ha registrado un nuevo usuario en el sistema
[2025-03-24 19:15:25] El usuario ha elegido la opción de registro
[2025-03-24 19:15:29] Se ha accedido al menú de entrada
[2025-03-24 19:15:33] Se ha accedido al sistema correctamente
[2025-03-24 19:15:38] El usuario ha introducido la cantidad ha ingresar 
[2025-03-24 19:15:40] El usuario ha ingresado dinero
[2025-03-24 19:16:23] Se ha accedido al menú de entrada
[2025-03-24 19:17:45] Se ha cerrado el extremo de escritura de la tuberia del proceso padre de monitor
[2025-03-24 19:17:45] Se ha creado correctamente el hilo que revisa ls anomalias
[2025-03-24 19:17:45] Se ha abierto el fichero de transacciones
[2025-03-24 19:17:45] Se ha abierto el archivo de usuarios
[2025-03-24 19:17:45] Se ha cerrado el extremo de escritura de la tuberia del proceso hijo de monitor
[2025-03-24 19:17:45] Se ha cerrado el extremo de lectura de la tuberia del proceso padre de monitor
[2025-03-24 19:17:46] Se ha accedido al menú de entrada
[2025-03-24 19:17:51] Se ha accedido al sistema correctamente
[2025-03-24 19:25:32] Se ha cerrado el extremo de escritura de la tuberia del proceso padre de monitor
[2025-03-24 19:25:32] Se ha creado correctamente el hilo que revisa ls anomalias
[2025-03-24 19:25:32] Se ha abierto el fichero de transacciones
[2025-03-24 19:25:32] Se ha abierto el archivo de usuarios
[2025-03-24 19:25:32] Se ha cerrado el extremo de escritura de la tuberia del proceso hijo de monitor
[2025-03-24 19:25:32] Se ha cerrado el extremo de lectura de la tuberia del proceso padre de monitor
[2025-03-24 19:25:33] Se ha accedido al menú de entrada
[2025-03-24 19:25:38] Se ha accedido al sistema correctamente
[2025-03-24 19:28:48] Se ha cerrado el extremo de escritura de la tuberia del proceso padre de monitor
[2025-03-24 19:28:48] Se ha creado correctamente el hilo que revisa ls anomalias
[2025-03-24 19:28:48] Se ha abierto el fichero de transacciones
[2025-03-24 19:28:48] Se ha abierto el archivo de usuarios
[2025-03-24 19:28:48] Se ha cerrado el extremo de escritura de la tuberia del proceso hijo de monitor
[2025-03-24 19:28:48] Se ha cerrado el extremo de lectura de la tuberia del proceso padre de monitor
[2025-03-24 19:28:49] Se ha accedido al menú de entrada
[2025-03-24 19:28:51] El usuario ha entrado en la sección de registro
[2025-03-24 19:28:56] Se ha accedido al menú de entrada
[2025-03-24 19:29:00] Se ha accedido al sistema correctamente
[2025-03-24 20:47:43] Se ha cerrado el extremo de escritura de la tuberia del proceso padre de monitor
[2025-03-24 20:47:43] Se ha creado correctamente el hilo que revisa ls anomalias
[2025-03-24 20:47:43] Se ha abierto el fichero de transacciones
[2025-03-24 20:47:43] Se ha producido un error al abrir el archivo de transacciones
[2025-03-24 20:47:43] Se ha cerrado el extremo de escritura de la tuberia del proceso hijo de monitor
[2025-03-24 20:47:43] Se ha cerrado el extremo de lectura de la tuberia del proceso padre de monitor
[2025-03-24 20:47:44] Se ha accedido al menú de entrada
[2025-03-24 20:48:39] Se ha cerrado el extremo de escritura de la tuberia del proceso padre de monitor
[2025-03-24 20:48:39] Se ha creado correctamente el hilo que revisa ls anomalias
[2025-03-24 20:48:39] Se ha abierto el fichero de transacciones
[2025-03-24 20:48:39] Se ha abierto el archivo de usuarios
[2025-03-24 20:48:39] Se ha encontrado un usuario con saldo negativo
[2025-03-24 20:48:39] Se ha enviado una alerta
[2025-03-24 20:48:39] Se ha registrado una alerta en el sistema
[2025-03-24 20:48:39] Se ha abierto el fichero de alertas
[2025-03-24 20:48:39] Se ha cerrado el extremo de escritura de la tuberia del proceso hijo de monitor
[2025-03-24 20:48:39] Se ha cerrado el extremo de lectura de la tuberia del proceso padre de monitor
[2025-03-24 20:48:39] Se ha accedido al menú de entrada
[2025-03-24 20:53:57] Se ha cerrado el extremo de escritura de la tuberia del proceso padre de monitor
[2025-03-24 20:53:57] Se ha creado correctamente el hilo que revisa ls anomalias
[2025-03-24 20:53:57] Se ha abierto el fichero de transacciones
[2025-03-24 20:53:57] Se ha abierto el archivo de usuarios
[2025-03-24 20:53:57] Se ha encontrado un usuario con saldo negativo
[2025-03-24 20:53:57] Se ha enviado una alerta
[2025-03-24 20:53:57] Se ha registrado una alerta en el sistema
[2025-03-24 20:53:57] Se ha abierto el fichero de alertas
[2025-03-24 20:53:57] Se ha cerrado el extremo de escritura de la tuberia del proceso hijo de monitor
[2025-03-24 20:53:57] Se ha cerrado el extremo de lectura de la tuberia del proceso padre de monitor
[2025-03-24 20:53:57] Se ha accedido al menú de entrada
[2025-03-24 20:57:02] Se ha cerrado el extremo de escritura de la tuberia del proceso padre de monitor
[2025-03-24 20:57:02] Se ha creado correctamente el hilo que revisa ls anomalias
[2025-03-24 20:57:02] Se ha abierto el fichero de transacciones
[2025-03-24 20:57:02] Se ha abierto el archivo de usuarios
[2025-03-24 20:57:02] Se ha encontrado un usuario con saldo negativo
[2025-03-24 20:57:02] Se ha enviado una alerta
[2025-03-24 20:57:02] Se ha registrado una alerta en el sistema
[2025-03-24 20:57:02] Se ha abierto el fichero de alertas
[2025-03-24 20:57:02] Se ha cerrado el extremo de escritura de la tuberia del proceso hijo de monitor
[2025-03-24 20:57:02] Se ha cerrado el extremo de lectura de la tuberia del proceso padre de monitor
[2025-03-24 20:57:02] Se ha accedido al menú de entrada
[2025-03-24 20:57:54] Se ha cerrado el extremo de escritura de la tuberia del proceso padre de monitor
[2025-03-24 20:57:54] Se ha creado correctamente el hilo que revisa ls anomalias
[2025-03-24 20:57:54] Se ha abierto el fichero de transacciones
[2025-03-24 20:57:54] Se ha detectado un saldo negativo
[2025-03-24 20:57:54] Se ha enviado una alerta
[2025-03-24 20:57:54] Se ha abierto el archivo de usuarios
[2025-03-24 20:57:54] Se ha encontrado un usuario con saldo negativo
[2025-03-24 20:57:54] Se ha enviado una alerta
[2025-03-24 20:57:54] Se ha registrado una alerta en el sistema
[2025-03-24 20:57:54] Se ha abierto el fichero de alertas
[2025-03-24 20:57:54] Se ha cerrado el extremo de escritura de la tuberia del proceso hijo de monitor
[2025-03-24 20:57:54] Se ha cerrado el extremo de lectura de la tuberia del proceso padre de monitor
[2025-03-24 20:57:54] Se ha accedido al menú de entrada
[2025-03-24 20:59:25] Se ha cerrado el extremo de escritura de la tuberia del proceso padre de monitor
[2025-03-24 20:59:25] Se ha creado correctamente el hilo que revisa ls anomalias
[2025-03-24 20:59:25] Se ha abierto el fichero de transacciones
[2025-03-24 20:59:25] Se ha detectado un saldo negativo
[2025-03-24 20:59:25] Se ha enviado una alerta
[2025-03-24 20:59:25] Se ha abierto el archivo de usuarios
[2025-03-24 20:59:25] Se ha encontrado un usuario con saldo negativo
[2025-03-24 20:59:25] Se ha enviado una alerta
[2025-03-24 20:59:25] Se ha registrado una alerta en el sistema
[2025-03-24 20:59:25] Se ha abierto el fichero de alertas
[2025-03-24 20:59:25] Se ha cerrado el extremo de escritura de la tuberia del proceso hijo de monitor
[2025-03-24 20:59:25] Se ha cerrado el extremo de lectura de la tuberia del proceso padre de monitor
[2025-03-24 20:59:26] Se ha accedido al menú de entrada
[2025-03-24 21:08:20] Se ha cerrado el extremo de escritura de la tuberia del proceso padre de monitor
[2025-03-24 21:08:20] Se ha creado correctamente el hilo que revisa ls anomalias
[2025-03-24 21:08:20] Se ha abierto el fichero de transacciones
[2025-03-24 21:08:20] Se ha detectado un saldo negativo
[2025-03-24 21:08:20] Se ha enviado una alerta
[2025-03-24 21:08:20] Se ha abierto el archivo de usuarios
[2025-03-24 21:08:20] Se ha encontrado un usuario con saldo negativo
[2025-03-24 21:08:20] Se ha enviado una alerta
[2025-03-24 21:08:20] Se ha registrado una alerta en el sistema
[2025-03-24 21:08:20] Se ha abierto el fichero de alertas
[2025-03-24 21:08:20] Se ha cerrado el extremo de escritura de la tuberia del proceso hijo de monitor
[2025-03-24 21:08:20] Se ha cerrado el extremo de lectura de la tuberia del proceso padre de monitor
[2025-03-24 21:08:20] Se ha accedido al menú de entrada
[2025-03-24 21:08:37] Se ha accedido al menú de entrada
[2025-03-24 21:08:47] Se ha cerrado el extremo de escritura de la tuberia del proceso padre de monitor
[2025-03-24 21:08:47] Se ha creado correctamente el hilo que revisa ls anomalias
[2025-03-24 21:08:47] Se ha abierto el fichero de transacciones
[2025-03-24 21:08:47] Se ha detectado un saldo negativo
[2025-03-24 21:08:47] Se ha enviado una alerta
[2025-03-24 21:08:47] Se ha abierto el archivo de usuarios
[2025-03-24 21:08:47] Se ha encontrado un usuario con saldo negativo
[2025-03-24 21:08:47] Se ha enviado una alerta
[2025-03-24 21:08:47] Se ha registrado una alerta en el sistema
[2025-03-24 21:08:47] Se ha cerrado el extremo de escritura de la tuberia del proceso hijo de monitor
[2025-03-24 21:08:47] Se ha abierto el fichero de alertas
[2025-03-24 21:08:47] Se ha cerrado el extremo de lectura de la tuberia del proceso padre de monitor
[2025-03-24 21:08:47] Se ha accedido al menú de entrada
[2025-03-24 21:15:35] Se ha cerrado el extremo de escritura de la tuberia del proceso padre de monitor
[2025-03-24 21:15:35] Se ha creado correctamente el hilo que revisa ls anomalias
[2025-03-24 21:15:35] Se ha abierto el fichero de transacciones
[2025-03-24 21:15:35] Se ha detectado una transacción inválida
[2025-03-24 21:15:35] Se ha enviado una alerta
[2025-03-24 21:15:35] Se ha detectado un saldo negativo
[2025-03-24 21:15:35] Se ha enviado una alerta
[2025-03-24 21:15:35] Se ha abierto el archivo de usuarios
[2025-03-24 21:15:35] Se ha encontrado un usuario con saldo negativo
[2025-03-24 21:15:35] Se ha enviado una alerta
[2025-03-24 21:15:35] Se ha cerrado el extremo de escritura de la tuberia del proceso hijo de monitor
[2025-03-24 21:15:35] Se ha registrado una alerta en el sistema
[2025-03-24 21:15:35] Se ha abierto el fichero de alertas
[2025-03-24 21:15:35] Se ha registrado una alerta en el sistema
[2025-03-24 21:15:35] Se ha abierto el fichero de alertas
[2025-03-24 21:15:35] Se ha cerrado el extremo de lectura de la tuberia del proceso padre de monitor
[2025-03-24 21:15:35] Se ha accedido al menú de entrada
[2025-03-24 21:19:16] Se ha cerrado el extremo de escritura de la tuberia del proceso padre de monitor
[2025-03-24 21:19:16] Se ha creado correctamente el hilo que revisa ls anomalias
[2025-03-24 21:19:16] Se ha abierto el fichero de transacciones
[2025-03-24 21:19:16] Se ha detectado un saldo negativo
[2025-03-24 21:19:16] Se ha enviado una alerta
[2025-03-24 21:19:16] Se ha detectado una transacción inválida
[2025-03-24 21:19:16] Se ha enviado una alerta
[2025-03-24 21:19:16] Se ha detectado una transacción inválida
[2025-03-24 21:19:16] Se ha enviado una alerta
[2025-03-24 21:19:16] Se ha detectado una transferencia superior a 10000
[2025-03-24 21:19:16] Se ha enviado una alerta
[2025-03-24 21:19:16] Se ha detectado un saldo negativo en una transacción
[2025-03-24 21:19:16] Se ha enviado una alerta
[2025-03-24 21:19:16] Se ha abierto el archivo de usuarios
[2025-03-24 21:19:16] Se ha encontrado un usuario con saldo negativo
[2025-03-24 21:19:16] Se ha enviado una alerta
[2025-03-24 21:19:16] Se ha registrado una alerta en el sistema
[2025-03-24 21:19:16] Se ha abierto el fichero de alertas
[2025-03-24 21:19:16] Se ha registrado una alerta en el sistema
[2025-03-24 21:19:16] Se ha abierto el fichero de alertas
[2025-03-24 21:19:16] Se ha registrado una alerta en el sistema
[2025-03-24 21:19:16] Se ha abierto el fichero de alertas
[2025-03-24 21:19:16] Se ha cerrado el extremo de escritura de la tuberia del proceso hijo de monitor
[2025-03-24 21:19:16] Se ha cerrado el extremo de lectura de la tuberia del proceso padre de monitor
[2025-03-24 21:19:16] Se ha accedido al menú de entrada
[2025-03-25 08:13:50] Se ha cerrado el extremo de escritura de la tuberia del proceso padre de monitor
[2025-03-25 08:13:50] Se ha creado correctamente el hilo que revisa ls anomalias
[2025-03-25 08:13:50] Se ha abierto el fichero de transacciones
[2025-03-25 08:13:50] Se ha producido un error al abrir el archivo de transacciones
[2025-03-25 08:13:50] Se ha cerrado el extremo de escritura de la tuberia del proceso hijo de monitor
[2025-03-25 08:13:50] Se ha cerrado el extremo de lectura de la tuberia del proceso padre de monitor
[2025-03-25 08:13:50] Se ha accedido al menú de entrada
[2025-03-25 08:14:00] El usuario ha entrado en la sección de registro
[2025-03-25 08:14:40] Se ha registrado un nuevo usuario en el sistema
[2025-03-25 08:14:40] El usuario ha elegido la opción de registro
[2025-03-25 08:14:44] Se ha accedido al menú de entrada
[2025-03-25 08:14:51] Se ha accedido al sistema correctamente
[2025-03-25 08:15:14] El usuario ha introducido la cantidad ha ingresar 
[2025-03-25 08:15:16] El usuario ha ingresado dinero
[2025-03-25 08:16:09] Se ha accedido al menú de entrada
[2025-03-25 08:16:11] El usuario ha entrado en la sección de registro
[2025-03-25 08:16:23] Se ha registrado un nuevo usuario en el sistema
[2025-03-25 08:16:23] El usuario ha elegido la opción de registro
[2025-03-25 08:16:27] Se ha accedido al menú de entrada
[2025-03-25 08:16:34] Se ha accedido al sistema correctamente
[2025-03-25 08:29:55] Se ha cerrado el extremo de escritura de la tuberia del proceso padre de monitor
[2025-03-25 08:29:55] Se ha creado correctamente el hilo que revisa ls anomalias
[2025-03-25 08:29:55] Se ha abierto el fichero de transacciones
[2025-03-25 08:29:55] Se ha detectado una transacción inválida
[2025-03-25 08:29:55] Se ha enviado una alerta
[2025-03-25 08:29:55] Se ha detectado una transacción inválida
[2025-03-25 08:29:55] Se ha enviado una alerta
[2025-03-25 08:29:55] Se ha registrado una alerta en el sistema
[2025-03-25 08:29:55] Se ha abierto el fichero de alertas
[2025-03-25 08:29:55] Se ha abierto el archivo de usuarios
[2025-03-25 08:29:55] Se ha registrado una alerta en el sistema
[2025-03-25 08:29:55] Se ha abierto el fichero de alertas
[2025-03-25 08:29:55] Se ha cerrado el extremo de escritura de la tuberia del proceso hijo de monitor
[2025-03-25 08:29:55] Se ha cerrado el extremo de lectura de la tuberia del proceso padre de monitor
[2025-03-25 08:29:55] Se ha accedido al menú de entrada
[2025-03-25 08:30:00] Intento fallido de inicio de sesión
[2025-03-25 08:30:07] Se ha accedido al sistema correctamente
[2025-03-26 09:46:06] Se ha cerrado el extremo de escritura de la tuberia del proceso padre de monitor
[2025-03-26 09:46:06] Se ha creado correctamente el hilo que revisa ls anomalias
[2025-03-26 09:46:06] Se ha abierto el fichero de transacciones
[2025-03-26 09:46:06] Se ha abierto el archivo de usuarios
[2025-03-26 09:46:06] Se ha cerrado el extremo de escritura de la tuberia del proceso hijo de monitor
[2025-03-26 09:46:06] Se ha cerrado el extremo de lectura de la tuberia del proceso padre de monitor
[2025-03-26 09:46:07] Se ha accedido al menú de entrada
[2025-03-26 09:48:04] Se ha cerrado el extremo de escritura de la tuberia del proceso padre de monitor
[2025-03-26 09:48:04] Se ha creado correctamente el hilo que revisa ls anomalias
[2025-03-26 09:48:04] Se ha abierto el fichero de transacciones
[2025-03-26 09:48:04] Se ha abierto el archivo de usuarios
[2025-03-26 09:48:04] Se ha cerrado el extremo de escritura de la tuberia del proceso hijo de monitor
[2025-03-26 09:48:04] Se ha cerrado el extremo de lectura de la tuberia del proceso padre de monitor
[2025-03-26 09:48:05] Se ha accedido al menú de entrada
[2025-03-26 10:03:58] Intento fallido de inicio de sesión
[2025-03-26 10:04:21] Se ha accedido al sistema correctamente
[2025-03-26 10:41:44] El usuario ha introducido la cantidad ha ingresar 
[2025-03-26 10:41:46] El usuario ha ingresado dinero
[2025-03-26 10:42:20] Se ha accedido al menú de entrada
[2025-03-26 10:42:44] Se ha accedido al sistema correctamente
[2025-03-26 10:46:01] Se ha cerrado el extremo de escritura de la tuberia del proceso padre de monitor
[2025-03-26 10:46:01] Se ha creado correctamente el hilo que revisa ls anomalias
[2025-03-26 10:46:01] Se ha abierto el fichero de transacciones
[2025-03-26 10:46:01] Se ha abierto el archivo de usuarios
[2025-03-26 10:46:01] Se ha cerrado el extremo de escritura de la tuberia del proceso hijo de monitor
[2025-03-26 10:46:01] Se ha cerrado el extremo de lectura de la tuberia del proceso padre de monitor
[2025-03-26 10:46:03] Se ha accedido al menú de entrada
[2025-03-26 10:46:17] Se ha accedido al sistema correctamente
[2025-03-26 10:48:12] Se ha cerrado el extremo de escritura de la tuberia del proceso padre de monitor
[2025-03-26 10:48:12] Se ha creado correctamente el hilo que revisa ls anomalias
[2025-03-26 10:48:12] Se ha abierto el fichero de transacciones
[2025-03-26 10:48:12] Se ha abierto el archivo de usuarios
[2025-03-26 10:48:12] Se ha cerrado el extremo de escritura de la tuberia del proceso hijo de monitor
[2025-03-26 10:48:12] Se ha cerrado el extremo de lectura de la tuberia del proceso padre de monitor
[2025-03-26 10:48:12] Se ha accedido al menú de entrada
[2025-03-26 10:48:22] Se ha accedido al sistema correctamente
[2025-03-26 10:49:29] Se ha cerrado el extremo de escritura de la tuberia del proceso padre de monitor
[2025-03-26 10:49:29] Se ha creado correctamente el hilo que revisa ls anomalias
[2025-03-26 10:49:29] Se ha abierto el fichero de transacciones
[2025-03-26 10:49:29] Se ha abierto el archivo de usuarios
[2025-03-26 10:49:29] Se ha cerrado el extremo de escritura de la tuberia del proceso hijo de monitor
[2025-03-26 10:49:29] Se ha cerrado el extremo de lectura de la tuberia del proceso padre de monitor
[2025-03-26 10:49:29] Se ha accedido al menú de entrada
[2025-03-26 10:49:38] Se ha accedido al sistema correctamente
[2025-03-26 10:50:40] Se ha cerrado el extremo de escritura de la tuberia del proceso padre de monitor
[2025-03-26 10:50:40] Se ha creado correctamente el hilo que revisa ls anomalias
[2025-03-26 10:50:40] Se ha abierto el fichero de transacciones
[2025-03-26 10:50:40] Se ha abierto el archivo de usuarios
[2025-03-26 10:50:40] Se ha cerrado el extremo de escritura de la tuberia del proceso hijo de monitor
[2025-03-26 10:50:40] Se ha cerrado el extremo de lectura de la tuberia del proceso padre de monitor
[2025-03-26 10:50:40] Se ha accedido al menú de entrada
[2025-03-26 10:50:50] Intento fallido de inicio de sesión
[2025-03-26 10:50:59] Se ha accedido al sistema correctamente
[2025-03-26 10:53:59] Se ha cerrado el extremo de escritura de la tuberia del proceso padre de monitor
[2025-03-26 10:53:59] Se ha creado correctamente el hilo que revisa ls anomalias
[2025-03-26 10:53:59] Se ha abierto el fichero de transacciones
[2025-03-26 10:53:59] Se ha abierto el archivo de usuarios
[2025-03-26 10:53:59] Se ha cerrado el extremo de escritura de la tuberia del proceso hijo de monitor
[2025-03-26 10:53:59] Se ha cerrado el extremo de lectura de la tuberia del proceso padre de monitor
[2025-03-26 10:54:00] Se ha accedido al menú de entrada
[2025-03-26 10:54:06] Intento fallido de inicio de sesión
[2025-03-26 10:54:15] Se ha accedido al sistema correctamente
[2025-03-26 10:55:29] Se ha cerrado el extremo de escritura de la tuberia del proceso padre de monitor
[2025-03-26 10:55:29] Se ha creado correctamente el hilo que revisa ls anomalias
[2025-03-26 10:55:29] Se ha abierto el fichero de transacciones
[2025-03-26 10:55:29] Se ha abierto el archivo de usuarios
[2025-03-26 10:55:29] Se ha cerrado el extremo de escritura de la tuberia del proceso hijo de monitor
[2025-03-26 10:55:29] Se ha cerrado el extremo de lectura de la tuberia del proceso padre de monitor
[2025-03-26 10:55:29] Se ha accedido al menú de entrada
[2025-03-26 10:55:36] Se ha accedido al sistema correctamente
[2025-03-28 18:45:34] Se ha cerrado el extremo de escritura de la tuberia del proceso padre de monitor
[2025-03-28 18:45:34] Se ha creado correctamente el hilo que revisa ls anomalias
[2025-03-28 18:45:34] Se ha abierto el fichero de transacciones
[2025-03-28 18:45:34] Se ha abierto el archivo de usuarios
[2025-03-28 18:45:34] Se ha cerrado el extremo de lectura de la tuberia del proceso padre de monitor
[2025-03-28 18:45:34] Se ha cerrado el extremo de escritura de la tuberia del proceso hijo de monitor
[2025-03-28 18:45:36] Se ha accedido al menú de entrada
[2025-03-28 18:46:32] Se ha creado correctamente el hilo que revisa ls anomalias
[2025-03-28 18:46:32] Se ha cerrado el extremo de escritura de la tuberia del proceso padre de monitor
[2025-03-28 18:46:32] Se ha abierto el fichero de transacciones
[2025-03-28 18:46:32] Se ha abierto el archivo de usuarios
[2025-03-28 18:46:32] Se ha cerrado el extremo de escritura de la tuberia del proceso hijo de monitor
[2025-03-28 18:46:32] Se ha cerrado el extremo de lectura de la tuberia del proceso padre de monitor
[2025-03-28 18:46:34] Se ha accedido al menú de entrada
[2025-03-28 18:48:53] Se ha creado correctamente el hilo que revisa ls anomalias
[2025-03-28 18:48:53] Se ha abierto el fichero de transacciones
[2025-03-28 18:48:53] Se ha abierto el archivo de usuarios
[2025-03-28 18:48:53] Se ha cerrado el extremo de escritura de la tuberia del proceso hijo de monitor
[2025-03-28 18:48:53] Se ha cerrado el extremo de escritura de la tuberia del proceso padre de monitor
[2025-03-28 18:48:53] Se ha cerrado el extremo de lectura de la tuberia del proceso padre de monitor
[2025-03-28 18:48:55] Se ha accedido al menú de entrada
[2025-03-28 18:50:48] Se ha cerrado el extremo de escritura de la tuberia del proceso padre de monitor
[2025-03-28 18:50:48] Se ha creado correctamente el hilo que revisa ls anomalias
[2025-03-28 18:50:48] Se ha abierto el fichero de transacciones
[2025-03-28 18:50:48] Se ha abierto el archivo de usuarios
[2025-03-28 18:50:48] Se ha cerrado el extremo de escritura de la tuberia del proceso hijo de monitor
[2025-03-28 18:50:48] Se ha cerrado el extremo de lectura de la tuberia del proceso padre de monitor
[2025-03-28 18:50:49] Se ha accedido al menú de entrada
[2025-03-28 18:52:51] Se ha cerrado el extremo de escritura de la tuberia del proceso padre de monitor
[2025-03-28 18:52:51] Se ha creado correctamente el hilo que revisa ls anomalias
[2025-03-28 18:52:51] Se ha abierto el fichero de transacciones
[2025-03-28 18:52:51] Se ha abierto el archivo de usuarios
[2025-03-28 18:52:51] Se ha cerrado el extremo de escritura de la tuberia del proceso hijo de monitor
[2025-03-28 18:52:51] Se ha cerrado el extremo de lectura de la tuberia del proceso padre de monitor
[2025-03-28 18:52:53] Se ha accedido al menú de entrada
[2025-03-28 18:53:00] Se ha accedido al menú de entrada
[2025-03-28 18:55:28] Se ha cerrado el extremo de escritura de la tuberia del proceso padre de monitor
[2025-03-28 18:55:28] Se ha creado correctamente el hilo que revisa ls anomalias
[2025-03-28 18:55:28] Se ha abierto el fichero de transacciones
[2025-03-28 18:55:28] Se ha abierto el archivo de usuarios
[2025-03-28 18:55:28] Se ha cerrado el extremo de escritura de la tuberia del proceso hijo de monitor
[2025-03-28 18:55:28] Se ha cerrado el extremo de lectura de la tuberia del proceso padre de monitor
[2025-03-28 18:55:30] Se ha accedido al menú de entrada
[2025-03-28 18:57:41] Se ha cerrado el extremo de escritura de la tuberia del proceso padre de monitor
[2025-03-28 18:57:41] Se ha creado correctamente el hilo que revisa ls anomalias
[2025-03-28 18:57:41] Se ha abierto el fichero de transacciones
[2025-03-28 18:57:41] Se ha abierto el archivo de usuarios
[2025-03-28 18:57:41] Se ha cerrado el extremo de escritura de la tuberia del proceso hijo de monitor
[2025-03-28 18:57:41] Se ha cerrado el extremo de lectura de la tuberia del proceso padre de monitor
[2025-03-28 18:57:42] Se ha accedido al menú de entrada
[2025-03-28 18:57:48] Se ha accedido al menú de entrada
[2025-03-28 18:59:33] Se ha cerrado el extremo de escritura de la tuberia del proceso padre de monitor
[2025-03-28 18:59:33] Se ha creado correctamente el hilo que revisa ls anomalias
[2025-03-28 18:59:33] Se ha abierto el fichero de transacciones
[2025-03-28 18:59:33] Se ha abierto el archivo de usuarios
[2025-03-28 18:59:33] Se ha cerrado el extremo de escritura de la tuberia del proceso hijo de monitor
[2025-03-28 18:59:33] Se ha cerrado el extremo de lectura de la tuberia del proceso padre de monitor
[2025-03-28 18:59:35] Se ha accedido al menú de entrada
[2025-03-28 18:59:42] Se ha accedido al menú de entrada
[2025-03-28 19:01:15] Se ha cerrado el extremo de escritura de la tuberia del proceso padre de monitor
[2025-03-28 19:01:15] Se ha creado correctamente el hilo que revisa ls anomalias
[2025-03-28 19:01:15] Se ha abierto el fichero de transacciones
[2025-03-28 19:01:15] Se ha abierto el archivo de usuarios
[2025-03-28 19:01:15] Se ha cerrado el extremo de escritura de la tuberia del proceso hijo de monitor
[2025-03-28 19:01:15] Se ha cerrado el extremo de lectura de la tuberia del proceso padre de monitor
[2025-03-28 19:01:17] Se ha accedido al menú de entrada
[2025-03-28 19:04:08] Se ha cerrado el extremo de escritura de la tuberia del proceso padre de monitor
[2025-03-28 19:04:08] Se ha creado correctamente el hilo que revisa ls anomalias
[2025-03-28 19:04:08] Se ha abierto el fichero de transacciones
[2025-03-28 19:04:08] Se ha abierto el archivo de usuarios
[2025-03-28 19:04:08] Se ha cerrado el extremo de lectura de la tuberia del proceso padre de monitor
[2025-03-28 19:04:08] Se ha cerrado el extremo de escritura de la tuberia del proceso hijo de monitor
[2025-03-28 19:04:10] Se ha accedido al menú de entrada
[2025-03-28 19:06:53] Se ha cerrado el extremo de escritura de la tuberia del proceso padre de monitor
[2025-03-28 19:06:53] Se ha creado correctamente el hilo que revisa ls anomalias
[2025-03-28 19:06:53] Se ha abierto el fichero de transacciones
[2025-03-28 19:06:53] Se ha abierto el archivo de usuarios
[2025-03-28 19:06:53] Se ha cerrado el extremo de escritura de la tuberia del proceso hijo de monitor
[2025-03-28 19:06:53] Se ha cerrado el extremo de lectura de la tuberia del proceso padre de monitor
[2025-03-28 19:06:55] Se ha accedido al menú de entrada
[2025-03-28 19:11:04] Se ha cerrado el extremo de escritura de la tuberia del proceso padre de monitor
[2025-03-28 19:11:04] Se ha creado correctamente el hilo que revisa ls anomalias
[2025-03-28 19:11:04] Se ha abierto el fichero de transacciones
[2025-03-28 19:11:04] Se ha abierto el archivo de usuarios
[2025-03-28 19:11:04] Se ha cerrado el extremo de escritura de la tuberia del proceso hijo de monitor
[2025-03-28 19:11:04] Se ha cerrado el extremo de lectura de la tuberia del proceso padre de monitor
[2025-03-28 19:11:06] Se ha accedido al menú de entrada
[2025-03-28 19:18:16] Se ha cerrado el extremo de escritura de la tuberia del proceso padre de monitor
[2025-03-28 19:18:16] Se ha creado correctamente el hilo que revisa ls anomalias
[2025-03-28 19:18:16] Se ha abierto el fichero de transacciones
[2025-03-28 19:18:16] Se ha abierto el archivo de usuarios
[2025-03-28 19:18:16] Se ha cerrado el extremo de escritura de la tuberia del proceso hijo de monitor
[2025-03-28 19:18:16] Se ha cerrado el extremo de lectura de la tuberia del proceso padre de monitor
[2025-03-28 19:18:17] Se ha accedido al menú de entrada
[2025-03-28 19:22:15] Se ha cerrado el extremo de escritura de la tuberia del proceso padre de monitor
[2025-03-28 19:22:15] Se ha creado correctamente el hilo que revisa ls anomalias
[2025-03-28 19:22:15] Se ha abierto el fichero de transacciones
[2025-03-28 19:22:15] Se ha abierto el archivo de usuarios
[2025-03-28 19:22:15] Se ha cerrado el extremo de escritura de la tuberia del proceso hijo de monitor
[2025-03-28 19:22:15] Se ha cerrado el extremo de lectura de la tuberia del proceso padre de monitor
[2025-03-28 19:22:16] Se ha accedido al menú de entrada
[2025-03-28 19:28:11] Se ha cerrado el extremo de escritura de la tuberia del proceso padre de monitor
[2025-03-28 19:28:11] Se ha creado correctamente el hilo que revisa ls anomalias
[2025-03-28 19:28:11] Se ha abierto el fichero de transacciones
[2025-03-28 19:28:11] Se ha abierto el archivo de usuarios
[2025-03-28 19:28:11] Se ha cerrado el extremo de escritura de la tuberia del proceso hijo de monitor
[2025-03-28 19:28:11] Se ha cerrado el extremo de lectura de la tuberia del proceso padre de monitor
[2025-03-28 19:28:12] Se ha accedido al menú de entrada
[2025-03-28 19:30:37] Se ha cerrado el extremo de escritura de la tuberia del proceso padre de monitor
[2025-03-28 19:30:37] Se ha creado correctamente el hilo que revisa ls anomalias
[2025-03-28 19:30:37] Se ha abierto el fichero de transacciones
[2025-03-28 19:30:37] Se ha abierto el archivo de usuarios
[2025-03-28 19:30:37] Se ha cerrado el extremo de escritura de la tuberia del proceso hijo de monitor
[2025-03-28 19:30:37] Se ha cerrado el extremo de lectura de la tuberia del proceso padre de monitor
[2025-03-28 19:30:38] Se ha accedido al menú de entrada
[2025-03-28 19:30:42] Se ha accedido al menú de entrada
[2025-03-28 23:30:00] Se ha cerrado el extremo de escritura de la tuberia del proceso padre de monitor
[2025-03-28 23:30:00] Se ha creado correctamente el hilo que revisa ls anomalias
[2025-03-28 23:30:00] Se ha abierto el fichero de transacciones
[2025-03-28 23:30:00] Se ha abierto el archivo de usuarios
[2025-03-28 23:30:00] Se ha cerrado el extremo de escritura de la tuberia del proceso hijo de monitor
[2025-03-28 23:30:00] Se ha cerrado el extremo de lectura de la tuberia del proceso padre de monitor
[2025-03-28 23:30:02] Se ha accedido al menú de entrada
[2025-03-28 23:34:15] Se ha cerrado el extremo de escritura de la tuberia del proceso padre de monitor
[2025-03-28 23:34:15] Se ha creado correctamente el hilo que revisa ls anomalias
[2025-03-28 23:34:15] Se ha abierto el fichero de transacciones
[2025-03-28 23:34:15] Se ha abierto el archivo de usuarios
[2025-03-28 23:34:15] Se ha cerrado el extremo de escritura de la tuberia del proceso hijo de monitor
[2025-03-28 23:34:15] Se ha cerrado el extremo de lectura de la tuberia del proceso padre de monitor
[2025-03-28 23:34:17] Se ha accedido al menú de entrada
[2025-03-28 23:39:28] Se ha cerrado el extremo de escritura de la tuberia del proceso padre de monitor
[2025-03-28 23:39:28] Se ha creado correctamente el hilo que revisa ls anomalias
[2025-03-28 23:39:28] Se ha abierto el fichero de transacciones
[2025-03-28 23:39:28] Se ha abierto el archivo de usuarios
[2025-03-28 23:39:28] Se ha cerrado el extremo de escritura de la tuberia del proceso hijo de monitor
[2025-03-28 23:39:28] Se ha cerrado el extremo de lectura de la tuberia del proceso padre de monitor
[2025-03-28 23:39:29] Se ha accedido al menú de entrada
[2025-03-28 23:39:43] Se ha cerrado el extremo de escritura de la tuberia del proceso padre de monitor
[2025-03-28 23:39:43] Se ha creado correctamente el hilo que revisa ls anomalias
[2025-03-28 23:39:43] Se ha abierto el fichero de transacciones
[2025-03-28 23:39:43] Se ha abierto el archivo de usuarios
[2025-03-28 23:39:43] Se ha cerrado el extremo de escritura de la tuberia del proceso hijo de monitor
[2025-03-28 23:39:43] Se ha cerrado el extremo de lectura de la tuberia del proceso padre de monitor
[2025-03-28 23:39:45] Se ha accedido al menú de entrada
[2025-03-28 23:39:53] Se ha accedido al menú de entrada
[2025-03-28 23:40:01] Se ha accedido al menú de entrada
[2025-03-28 23:40:57] Se ha cerrado el extremo de escritura de la tuberia del proceso padre de monitor
[2025-03-28 23:40:57] Se ha creado correctamente el hilo que revisa ls anomalias
[2025-03-28 23:40:57] Se ha abierto el fichero de transacciones
[2025-03-28 23:40:57] Se ha abierto el archivo de usuarios
[2025-03-28 23:40:57] Se ha cerrado el extremo de escritura de la tuberia del proceso hijo de monitor
[2025-03-28 23:40:57] Se ha cerrado el extremo de lectura de la tuberia del proceso padre de monitor
[2025-03-28 23:40:59] Se ha accedido al menú de entrada
[2025-03-28 23:41:04] Se ha accedido al menú de entrada
[2025-03-28 23:42:04] Se ha cerrado el extremo de escritura de la tuberia del proceso padre de monitor
[2025-03-28 23:42:04] Se ha creado correctamente el hilo que revisa ls anomalias
[2025-03-28 23:42:04] Se ha abierto el fichero de transacciones
[2025-03-28 23:42:04] Se ha abierto el archivo de usuarios
[2025-03-28 23:42:04] Se ha cerrado el extremo de escritura de la tuberia del proceso hijo de monitor
[2025-03-28 23:42:04] Se ha cerrado el extremo de lectura de la tuberia del proceso padre de monitor
[2025-03-28 23:42:06] Se ha accedido al menú de entrada
[2025-03-28 23:43:11] Se ha cerrado el extremo de escritura de la tuberia del proceso padre de monitor
[2025-03-28 23:43:11] Se ha creado correctamente el hilo que revisa ls anomalias
[2025-03-28 23:43:11] Se ha abierto el fichero de transacciones
[2025-03-28 23:43:11] Se ha abierto el archivo de usuarios
[2025-03-28 23:43:11] Se ha cerrado el extremo de escritura de la tuberia del proceso hijo de monitor
[2025-03-28 23:43:11] Se ha cerrado el extremo de lectura de la tuberia del proceso padre de monitor
[2025-03-28 23:43:13] Se ha accedido al menú de entrada
[2025-03-28 23:43:18] Se ha accedido al menú de entrada
[2025-03-28 23:43:48] Se ha cerrado el extremo de escritura de la tuberia del proceso padre de monitor
[2025-03-28 23:43:48] Se ha abierto el fichero de transacciones
[2025-03-28 23:43:48] Se ha abierto el archivo de usuarios
[2025-03-28 23:43:48] Se ha creado correctamente el hilo que revisa ls anomalias
[2025-03-28 23:43:48] Se ha cerrado el extremo de escritura de la tuberia del proceso hijo de monitor
[2025-03-28 23:43:48] Se ha cerrado el extremo de lectura de la tuberia del proceso padre de monitor
[2025-03-28 23:43:50] Se ha accedido al menú de entrada
[2025-03-28 23:44:44] Se ha creado correctamente el hilo que revisa ls anomalias
[2025-03-28 23:44:44] Se ha abierto el fichero de transacciones
[2025-03-28 23:44:44] Se ha abierto el archivo de usuarios
[2025-03-28 23:44:44] Se ha cerrado el extremo de escritura de la tuberia del proceso hijo de monitor
[2025-03-28 23:44:44] Se ha cerrado el extremo de escritura de la tuberia del proceso padre de monitor
[2025-03-28 23:44:44] Se ha cerrado el extremo de lectura de la tuberia del proceso padre de monitor
[2025-03-28 23:44:45] Se ha accedido al menú de entrada
[2025-03-28 23:46:23] Se ha cerrado el extremo de escritura de la tuberia del proceso padre de monitor
[2025-03-28 23:46:23] Se ha creado correctamente el hilo que revisa ls anomalias
[2025-03-28 23:46:23] Se ha abierto el fichero de transacciones
[2025-03-28 23:46:23] Se ha abierto el archivo de usuarios
[2025-03-28 23:46:23] Se ha cerrado el extremo de escritura de la tuberia del proceso hijo de monitor
[2025-03-28 23:46:23] Se ha cerrado el extremo de lectura de la tuberia del proceso padre de monitor
[2025-03-28 23:46:24] Se ha accedido al menú de entrada
[2025-03-28 23:48:20] Se ha cerrado el extremo de escritura de la tuberia del proceso padre de monitor
[2025-03-28 23:48:20] Se ha creado correctamente el hilo que revisa ls anomalias
[2025-03-28 23:48:20] Se ha abierto el fichero de transacciones
[2025-03-28 23:48:20] Se ha abierto el archivo de usuarios
[2025-03-28 23:48:20] Se ha cerrado el extremo de escritura de la tuberia del proceso hijo de monitor
[2025-03-28 23:48:20] Se ha cerrado el extremo de lectura de la tuberia del proceso padre de monitor
[2025-03-28 23:48:21] Se ha accedido al menú de entrada
[2025-03-28 23:49:31] Se ha cerrado el extremo de escritura de la tuberia del proceso padre de monitor
[2025-03-28 23:49:31] Se ha creado correctamente el hilo que revisa ls anomalias
[2025-03-28 23:49:31] Se ha abierto el fichero de transacciones
[2025-03-28 23:49:31] Se ha abierto el archivo de usuarios
[2025-03-28 23:49:31] Se ha cerrado el extremo de escritura de la tuberia del proceso hijo de monitor
[2025-03-28 23:49:31] Se ha cerrado el extremo de lectura de la tuberia del proceso padre de monitor
[2025-03-28 23:49:32] Se ha accedido al menú de entrada
[2025-03-28 23:51:18] Se ha creado correctamente el hilo que revisa ls anomalias
[2025-03-28 23:51:18] Se ha abierto el fichero de transacciones
[2025-03-28 23:51:18] Se ha abierto el archivo de usuarios
[2025-03-28 23:51:18] Se ha cerrado el extremo de escritura de la tuberia del proceso padre de monitor
[2025-03-28 23:51:18] Se ha cerrado el extremo de lectura de la tuberia del proceso padre de monitor
[2025-03-28 23:51:18] Se ha cerrado el extremo de escritura de la tuberia del proceso hijo de monitor
[2025-03-28 23:51:19] Se ha accedido al menú de entrada
[2025-03-28 23:55:24] Se ha cerrado el extremo de escritura de la tuberia del proceso padre de monitor
[2025-03-28 23:55:24] Se ha creado correctamente el hilo que revisa ls anomalias
[2025-03-28 23:55:24] Se ha abierto el fichero de transacciones
[2025-03-28 23:55:24] Se ha abierto el archivo de usuarios
[2025-03-28 23:55:24] Se ha cerrado el extremo de escritura de la tuberia del proceso hijo de monitor
[2025-03-28 23:55:24] Se ha cerrado el extremo de lectura de la tuberia del proceso padre de monitor
[2025-03-28 23:55:26] Se ha accedido al menú de entrada
[2025-03-28 23:56:41] Se ha cerrado el extremo de escritura de la tuberia del proceso padre de monitor
[2025-03-28 23:56:41] Se ha creado correctamente el hilo que revisa ls anomalias
[2025-03-28 23:56:41] Se ha abierto el fichero de transacciones
[2025-03-28 23:56:41] Se ha abierto el archivo de usuarios
[2025-03-28 23:56:41] Se ha cerrado el extremo de escritura de la tuberia del proceso hijo de monitor
[2025-03-28 23:56:41] Se ha cerrado el extremo de lectura de la tuberia del proceso padre de monitor
[2025-03-28 23:56:43] Se ha accedido al menú de entrada
[2025-03-29 00:00:26] Se ha cerrado el extremo de escritura de la tuberia del proceso padre de monitor
[2025-03-29 00:00:26] Se ha creado correctamente el hilo que revisa ls anomalias
[2025-03-29 00:00:26] Se ha abierto el fichero de transacciones
[2025-03-29 00:00:26] Se ha abierto el archivo de usuarios
[2025-03-29 00:00:26] Se ha cerrado el extremo de escritura de la tuberia del proceso hijo de monitor
[2025-03-29 00:00:26] Se ha cerrado el extremo de lectura de la tuberia del proceso padre de monitor
[2025-03-29 00:00:27] Se ha accedido al menú de entrada
[2025-03-29 00:01:41] Se ha cerrado el extremo de escritura de la tuberia del proceso padre de monitor
[2025-03-29 00:01:41] Se ha creado correctamente el hilo que revisa ls anomalias
[2025-03-29 00:01:41] Se ha abierto el fichero de transacciones
[2025-03-29 00:01:41] Se ha abierto el archivo de usuarios
[2025-03-29 00:01:41] Se ha cerrado el extremo de escritura de la tuberia del proceso hijo de monitor
[2025-03-29 00:01:41] Se ha cerrado el extremo de lectura de la tuberia del proceso padre de monitor
[2025-03-29 00:01:43] Se ha accedido al menú de entrada
[2025-03-29 00:03:59] Se ha cerrado el extremo de escritura de la tuberia del proceso padre de monitor
[2025-03-29 00:03:59] Se ha creado correctamente el hilo que revisa ls anomalias
[2025-03-29 00:03:59] Se ha abierto el fichero de transacciones
[2025-03-29 00:03:59] Se ha abierto el archivo de usuarios
[2025-03-29 00:03:59] Se ha cerrado el extremo de escritura de la tuberia del proceso hijo de monitor
[2025-03-29 00:03:59] Se ha cerrado el extremo de lectura de la tuberia del proceso padre de monitor
[2025-03-29 00:04:00] Se ha accedido al menú de entrada
[2025-03-29 00:04:48] Se ha cerrado el extremo de escritura de la tuberia del proceso padre de monitor
[2025-03-29 00:04:48] Se ha creado correctamente el hilo que revisa ls anomalias
[2025-03-29 00:04:48] Se ha abierto el fichero de transacciones
[2025-03-29 00:04:48] Se ha abierto el archivo de usuarios
[2025-03-29 00:04:48] Se ha cerrado el extremo de escritura de la tuberia del proceso hijo de monitor
[2025-03-29 00:04:48] Se ha cerrado el extremo de lectura de la tuberia del proceso padre de monitor
[2025-03-29 00:04:49] Se ha accedido al menú de entrada
[2025-03-29 00:04:58] Se ha cerrado el extremo de escritura de la tuberia del proceso padre de monitor
[2025-03-29 00:04:58] Se ha creado correctamente el hilo que revisa ls anomalias
[2025-03-29 00:04:58] Se ha abierto el fichero de transacciones
[2025-03-29 00:04:58] Se ha abierto el archivo de usuarios
[2025-03-29 00:04:58] Se ha cerrado el extremo de escritura de la tuberia del proceso hijo de monitor
[2025-03-29 00:04:58] Se ha cerrado el extremo de lectura de la tuberia del proceso padre de monitor
[2025-03-29 00:04:59] Se ha accedido al menú de entrada
[2025-03-29 00:05:02] Se ha accedido al menú de entrada
[2025-03-29 00:05:12] Se ha accedido al menú de entrada
[2025-03-29 00:06:56] Se ha cerrado el extremo de escritura de la tuberia del proceso padre de monitor
[2025-03-29 00:06:56] Se ha creado correctamente el hilo que revisa ls anomalias
[2025-03-29 00:06:56] Se ha abierto el fichero de transacciones
[2025-03-29 00:06:56] Se ha abierto el archivo de usuarios
[2025-03-29 00:06:56] Se ha cerrado el extremo de escritura de la tuberia del proceso hijo de monitor
[2025-03-29 00:06:56] Se ha cerrado el extremo de lectura de la tuberia del proceso padre de monitor
[2025-03-29 00:06:58] Se ha accedido al menú de entrada
[2025-03-29 00:07:05] Se ha accedido al menú de entrada
[2025-03-29 00:07:50] Se ha cerrado el extremo de escritura de la tuberia del proceso padre de monitor
[2025-03-29 00:07:50] Se ha creado correctamente el hilo que revisa ls anomalias
[2025-03-29 00:07:50] Se ha abierto el fichero de transacciones
[2025-03-29 00:07:50] Se ha abierto el archivo de usuarios
[2025-03-29 00:07:50] Se ha cerrado el extremo de escritura de la tuberia del proceso hijo de monitor
[2025-03-29 00:07:50] Se ha cerrado el extremo de lectura de la tuberia del proceso padre de monitor
[2025-03-29 00:07:52] Se ha accedido al menú de entrada
[2025-03-29 00:07:55] Se ha accedido al menú de entrada
[2025-03-29 00:08:11] Se ha cerrado el extremo de escritura de la tuberia del proceso padre de monitor
[2025-03-29 00:08:11] Se ha creado correctamente el hilo que revisa ls anomalias
[2025-03-29 00:08:11] Se ha abierto el fichero de transacciones
[2025-03-29 00:08:11] Se ha abierto el archivo de usuarios
[2025-03-29 00:08:11] Se ha cerrado el extremo de escritura de la tuberia del proceso hijo de monitor
[2025-03-29 00:08:11] Se ha cerrado el extremo de lectura de la tuberia del proceso padre de monitor
[2025-03-29 00:08:13] Se ha accedido al menú de entrada
[2025-03-29 00:08:17] Se ha accedido al menú de entrada
[2025-03-29 00:08:21] Se ha accedido al menú de entrada
